  [1m[35m (339.4ms)[0m  [1m[35mCREATE TABLE `schema_migrations` (`version` varchar(255) PRIMARY KEY) ENGINE=InnoDB[0m
  [1m[35m (277.7ms)[0m  [1m[35mCREATE TABLE `ar_internal_metadata` (`key` varchar(255) PRIMARY KEY, `value` varchar(255), `created_at` datetime NOT NULL, `updated_at` datetime NOT NULL) ENGINE=InnoDB[0m
  [1m[35m (0.6ms)[0m  [1m[34mSELECT DATABASE() as db[0m
  [1m[35m (0.4ms)[0m  [1m[34mSELECT GET_LOCK('6981130770745561710', 0);[0m
  [1m[36mActiveRecord::SchemaMigration Load (0.3ms)[0m  [1m[34mSELECT `schema_migrations`.* FROM `schema_migrations`[0m
Migrating to CreateUsers (20170306191048)
  [1m[35m (233.8ms)[0m  [1m[35mCREATE TABLE `users` (`id` int AUTO_INCREMENT PRIMARY KEY, `name` varchar(255), `email` varchar(255), `password_digest` varchar(255), `created_at` datetime NOT NULL, `updated_at` datetime NOT NULL) ENGINE=InnoDB[0m
  [1m[35m (0.3ms)[0m  [1m[35mBEGIN[0m
  [1m[35mSQL (0.5ms)[0m  [1m[32mINSERT INTO `schema_migrations` (`version`) VALUES ('20170306191048')[0m
  [1m[35m (36.2ms)[0m  [1m[35mCOMMIT[0m
Migrating to CreateOrders (20180527090324)
  [1m[35m (565.2ms)[0m  [1m[35mCREATE TABLE `orders` (`id` int AUTO_INCREMENT PRIMARY KEY, `images` json, `created_by` int, `from` varchar(255), `to` varchar(255), `provider_id` int, `provider_order_id` int, `created_at` datetime NOT NULL, `updated_at` datetime NOT NULL) ENGINE=InnoDB[0m
  [1m[35m (0.3ms)[0m  [1m[35mBEGIN[0m
  [1m[35mSQL (1.7ms)[0m  [1m[32mINSERT INTO `schema_migrations` (`version`) VALUES ('20180527090324')[0m
  [1m[35m (62.0ms)[0m  [1m[35mCOMMIT[0m
Migrating to AddVerificationToUsers (20180528140233)
  [1m[35m (613.6ms)[0m  [1m[35mALTER TABLE `users` ADD `user_pin` int[0m
  [1m[35m (614.7ms)[0m  [1m[35mALTER TABLE `users` ADD `verified` tinyint(1) DEFAULT 0[0m
  [1m[35m (0.1ms)[0m  [1m[35mBEGIN[0m
  [1m[35mSQL (0.1ms)[0m  [1m[32mINSERT INTO `schema_migrations` (`version`) VALUES ('20180528140233')[0m
  [1m[35m (44.7ms)[0m  [1m[35mCOMMIT[0m
  [1m[36mActiveRecord::InternalMetadata Load (0.2ms)[0m  [1m[34mSELECT  `ar_internal_metadata`.* FROM `ar_internal_metadata` WHERE `ar_internal_metadata`.`key` = 'environment' LIMIT 1[0m
  [1m[35m (0.1ms)[0m  [1m[35mBEGIN[0m
  [1m[35mSQL (0.2ms)[0m  [1m[32mINSERT INTO `ar_internal_metadata` (`key`, `value`, `created_at`, `updated_at`) VALUES ('environment', 'development', '2018-05-28 14:15:43', '2018-05-28 14:15:43')[0m
  [1m[35m (40.4ms)[0m  [1m[35mCOMMIT[0m
  [1m[35m (0.5ms)[0m  [1m[34mSELECT RELEASE_LOCK('6981130770745561710')[0m
  [1m[36mActiveRecord::SchemaMigration Load (0.5ms)[0m  [1m[34mSELECT `schema_migrations`.* FROM `schema_migrations`[0m
  [1m[35m (0.4ms)[0m  [1m[35mSHOW CREATE TABLE `orders`[0m
  [1m[35m (0.6ms)[0m  [1m[35mSHOW TABLE STATUS LIKE 'orders'[0m
  [1m[35m (0.2ms)[0m  [1m[35mSHOW CREATE TABLE `users`[0m
  [1m[35m (0.6ms)[0m  [1m[35mSHOW TABLE STATUS LIKE 'users'[0m
Started GET "/" for 127.0.0.1 at 2018-05-28 16:18:13 +0200
  [1m[36mActiveRecord::SchemaMigration Load (0.2ms)[0m  [1m[34mSELECT `schema_migrations`.* FROM `schema_migrations`[0m
Processing by Rails::WelcomeController#index as HTML
  Parameters: {"internal"=>true}
  Rendering /home/mino/.rbenv/versions/2.5.1/lib/ruby/gems/2.5.0/gems/railties-5.0.7/lib/rails/templates/rails/welcome/index.html.erb
  Rendered /home/mino/.rbenv/versions/2.5.1/lib/ruby/gems/2.5.0/gems/railties-5.0.7/lib/rails/templates/rails/welcome/index.html.erb (2.7ms)
Completed 200 OK in 7ms (Views: 6.0ms | ActiveRecord: 0.0ms)


Started GET "/users" for 127.0.0.1 at 2018-05-28 16:18:18 +0200
  
ActionController::RoutingError (No route matches [GET] "/users"):
  
actionpack (5.0.7) lib/action_dispatch/middleware/debug_exceptions.rb:53:in `call'
actionpack (5.0.7) lib/action_dispatch/middleware/show_exceptions.rb:31:in `call'
railties (5.0.7) lib/rails/rack/logger.rb:36:in `call_app'
railties (5.0.7) lib/rails/rack/logger.rb:24:in `block in call'
activesupport (5.0.7) lib/active_support/tagged_logging.rb:69:in `block in tagged'
activesupport (5.0.7) lib/active_support/tagged_logging.rb:26:in `tagged'
activesupport (5.0.7) lib/active_support/tagged_logging.rb:69:in `tagged'
railties (5.0.7) lib/rails/rack/logger.rb:24:in `call'
actionpack (5.0.7) lib/action_dispatch/middleware/request_id.rb:24:in `call'
rack (2.0.5) lib/rack/runtime.rb:22:in `call'
activesupport (5.0.7) lib/active_support/cache/strategy/local_cache_middleware.rb:28:in `call'
actionpack (5.0.7) lib/action_dispatch/middleware/executor.rb:12:in `call'
actionpack (5.0.7) lib/action_dispatch/middleware/static.rb:136:in `call'
rack (2.0.5) lib/rack/sendfile.rb:111:in `call'
railties (5.0.7) lib/rails/engine.rb:522:in `call'
puma (3.11.4) lib/puma/configuration.rb:225:in `call'
puma (3.11.4) lib/puma/server.rb:632:in `handle_request'
puma (3.11.4) lib/puma/server.rb:446:in `process_client'
puma (3.11.4) lib/puma/server.rb:306:in `block in run'
puma (3.11.4) lib/puma/thread_pool.rb:120:in `block in spawn_thread'
Started GET "/users/new" for 127.0.0.1 at 2018-05-28 16:18:27 +0200
  
ActionController::RoutingError (No route matches [GET] "/users/new"):
  
actionpack (5.0.7) lib/action_dispatch/middleware/debug_exceptions.rb:53:in `call'
actionpack (5.0.7) lib/action_dispatch/middleware/show_exceptions.rb:31:in `call'
railties (5.0.7) lib/rails/rack/logger.rb:36:in `call_app'
railties (5.0.7) lib/rails/rack/logger.rb:24:in `block in call'
activesupport (5.0.7) lib/active_support/tagged_logging.rb:69:in `block in tagged'
activesupport (5.0.7) lib/active_support/tagged_logging.rb:26:in `tagged'
activesupport (5.0.7) lib/active_support/tagged_logging.rb:69:in `tagged'
railties (5.0.7) lib/rails/rack/logger.rb:24:in `call'
actionpack (5.0.7) lib/action_dispatch/middleware/request_id.rb:24:in `call'
rack (2.0.5) lib/rack/runtime.rb:22:in `call'
activesupport (5.0.7) lib/active_support/cache/strategy/local_cache_middleware.rb:28:in `call'
actionpack (5.0.7) lib/action_dispatch/middleware/executor.rb:12:in `call'
actionpack (5.0.7) lib/action_dispatch/middleware/static.rb:136:in `call'
rack (2.0.5) lib/rack/sendfile.rb:111:in `call'
railties (5.0.7) lib/rails/engine.rb:522:in `call'
puma (3.11.4) lib/puma/configuration.rb:225:in `call'
puma (3.11.4) lib/puma/server.rb:632:in `handle_request'
puma (3.11.4) lib/puma/server.rb:446:in `process_client'
puma (3.11.4) lib/puma/server.rb:306:in `block in run'
puma (3.11.4) lib/puma/thread_pool.rb:120:in `block in spawn_thread'
Started GET "/users/1" for 127.0.0.1 at 2018-05-28 16:18:35 +0200
  
ActionController::RoutingError (No route matches [GET] "/users/1"):
  
actionpack (5.0.7) lib/action_dispatch/middleware/debug_exceptions.rb:53:in `call'
actionpack (5.0.7) lib/action_dispatch/middleware/show_exceptions.rb:31:in `call'
railties (5.0.7) lib/rails/rack/logger.rb:36:in `call_app'
railties (5.0.7) lib/rails/rack/logger.rb:24:in `block in call'
activesupport (5.0.7) lib/active_support/tagged_logging.rb:69:in `block in tagged'
activesupport (5.0.7) lib/active_support/tagged_logging.rb:26:in `tagged'
activesupport (5.0.7) lib/active_support/tagged_logging.rb:69:in `tagged'
railties (5.0.7) lib/rails/rack/logger.rb:24:in `call'
actionpack (5.0.7) lib/action_dispatch/middleware/request_id.rb:24:in `call'
rack (2.0.5) lib/rack/runtime.rb:22:in `call'
activesupport (5.0.7) lib/active_support/cache/strategy/local_cache_middleware.rb:28:in `call'
actionpack (5.0.7) lib/action_dispatch/middleware/executor.rb:12:in `call'
actionpack (5.0.7) lib/action_dispatch/middleware/static.rb:136:in `call'
rack (2.0.5) lib/rack/sendfile.rb:111:in `call'
railties (5.0.7) lib/rails/engine.rb:522:in `call'
puma (3.11.4) lib/puma/configuration.rb:225:in `call'
puma (3.11.4) lib/puma/server.rb:632:in `handle_request'
puma (3.11.4) lib/puma/server.rb:446:in `process_client'
puma (3.11.4) lib/puma/server.rb:306:in `block in run'
puma (3.11.4) lib/puma/thread_pool.rb:120:in `block in spawn_thread'
Started POST "/" for 127.0.0.1 at 2018-05-28 16:48:01 +0200
  [1m[36mActiveRecord::SchemaMigration Load (0.3ms)[0m  [1m[34mSELECT `schema_migrations`.* FROM `schema_migrations`[0m
  
ActionController::RoutingError (No route matches [POST] "/"):
  
actionpack (5.0.7) lib/action_dispatch/middleware/debug_exceptions.rb:53:in `call'
actionpack (5.0.7) lib/action_dispatch/middleware/show_exceptions.rb:31:in `call'
railties (5.0.7) lib/rails/rack/logger.rb:36:in `call_app'
railties (5.0.7) lib/rails/rack/logger.rb:24:in `block in call'
activesupport (5.0.7) lib/active_support/tagged_logging.rb:69:in `block in tagged'
activesupport (5.0.7) lib/active_support/tagged_logging.rb:26:in `tagged'
activesupport (5.0.7) lib/active_support/tagged_logging.rb:69:in `tagged'
railties (5.0.7) lib/rails/rack/logger.rb:24:in `call'
actionpack (5.0.7) lib/action_dispatch/middleware/request_id.rb:24:in `call'
rack (2.0.5) lib/rack/runtime.rb:22:in `call'
activesupport (5.0.7) lib/active_support/cache/strategy/local_cache_middleware.rb:28:in `call'
actionpack (5.0.7) lib/action_dispatch/middleware/executor.rb:12:in `call'
actionpack (5.0.7) lib/action_dispatch/middleware/static.rb:136:in `call'
rack (2.0.5) lib/rack/sendfile.rb:111:in `call'
railties (5.0.7) lib/rails/engine.rb:522:in `call'
puma (3.11.4) lib/puma/configuration.rb:225:in `call'
puma (3.11.4) lib/puma/server.rb:632:in `handle_request'
puma (3.11.4) lib/puma/server.rb:446:in `process_client'
puma (3.11.4) lib/puma/server.rb:306:in `block in run'
puma (3.11.4) lib/puma/thread_pool.rb:120:in `block in spawn_thread'
Started POST "/users" for 127.0.0.1 at 2018-05-28 16:48:14 +0200
  
ActionController::RoutingError (No route matches [POST] "/users"):
  
actionpack (5.0.7) lib/action_dispatch/middleware/debug_exceptions.rb:53:in `call'
actionpack (5.0.7) lib/action_dispatch/middleware/show_exceptions.rb:31:in `call'
railties (5.0.7) lib/rails/rack/logger.rb:36:in `call_app'
railties (5.0.7) lib/rails/rack/logger.rb:24:in `block in call'
activesupport (5.0.7) lib/active_support/tagged_logging.rb:69:in `block in tagged'
activesupport (5.0.7) lib/active_support/tagged_logging.rb:26:in `tagged'
activesupport (5.0.7) lib/active_support/tagged_logging.rb:69:in `tagged'
railties (5.0.7) lib/rails/rack/logger.rb:24:in `call'
actionpack (5.0.7) lib/action_dispatch/middleware/request_id.rb:24:in `call'
rack (2.0.5) lib/rack/runtime.rb:22:in `call'
activesupport (5.0.7) lib/active_support/cache/strategy/local_cache_middleware.rb:28:in `call'
actionpack (5.0.7) lib/action_dispatch/middleware/executor.rb:12:in `call'
actionpack (5.0.7) lib/action_dispatch/middleware/static.rb:136:in `call'
rack (2.0.5) lib/rack/sendfile.rb:111:in `call'
railties (5.0.7) lib/rails/engine.rb:522:in `call'
puma (3.11.4) lib/puma/configuration.rb:225:in `call'
puma (3.11.4) lib/puma/server.rb:632:in `handle_request'
puma (3.11.4) lib/puma/server.rb:446:in `process_client'
puma (3.11.4) lib/puma/server.rb:306:in `block in run'
puma (3.11.4) lib/puma/thread_pool.rb:120:in `block in spawn_thread'
Started POST "/signup" for 127.0.0.1 at 2018-05-28 16:48:58 +0200
  
SyntaxError (/home/mino/ITI/Final-Project/Project/on-demand-economy/app/controllers/users_controller.rb:6: dynamic constant assignment
    VerificationCode=rand(9999)
                    ^):
  
app/controllers/users_controller.rb:6: dynamic constant assignment
Started POST "/signup" for 127.0.0.1 at 2018-05-28 16:50:41 +0200
  
SyntaxError (/home/mino/ITI/Final-Project/Project/on-demand-economy/app/controllers/users_controller.rb:6: dynamic constant assignment
    VerificationCode=rand(9999)
                    ^):
  
app/controllers/users_controller.rb:6: dynamic constant assignment
Started POST "/signup" for 127.0.0.1 at 2018-05-28 16:51:51 +0200
  
SyntaxError (/home/mino/ITI/Final-Project/Project/on-demand-economy/app/controllers/users_controller.rb:6: dynamic constant assignment
    VerificationCode=rand(9999)
                    ^):
  
app/controllers/users_controller.rb:6: dynamic constant assignment
Started POST "/signup" for 127.0.0.1 at 2018-05-28 16:52:32 +0200
Processing by UsersController#create as */*
  Parameters: {"name"=>"Minos", "email"=>"mina@mina@yahoo.com", "password"=>"[FILTERED]", "passsword_confirmation"=>"123456"}
Unpermitted parameter: passsword_confirmation
  [1m[35m (0.2ms)[0m  [1m[35mBEGIN[0m
  [1m[35mSQL (0.2ms)[0m  [1m[32mINSERT INTO `users` (`name`, `email`, `password_digest`, `created_at`, `updated_at`, `user_pin`) VALUES ('Minos', 'mina@mina@yahoo.com', '$2a$10$0ljr0AkK7xfmMtEhZn9fLOipIuyO8HRFvRHVqZYAVQHWpm5B/lKd.', '2018-05-28 14:52:32', '2018-05-28 14:52:32', 6761)[0m
  [1m[35m (129.6ms)[0m  [1m[35mCOMMIT[0m
Completed 500 Internal Server Error in 199ms (ActiveRecord: 130.9ms)


  
NoMethodError (undefined method `phone' for nil:NilClass):
  
app/controllers/users_controller.rb:13:in `create'
  [1m[35m (0.0ms)[0m  [1m[34mSELECT DATABASE() as db[0m
  [1m[35m (0.1ms)[0m  [1m[34mSELECT GET_LOCK('6981130770745561710', 0);[0m
  [1m[36mActiveRecord::SchemaMigration Load (0.2ms)[0m  [1m[34mSELECT `schema_migrations`.* FROM `schema_migrations`[0m
Migrating to AddPhoneToUsers (20180528145327)
  [1m[35m (639.0ms)[0m  [1m[35mALTER TABLE `users` ADD `phone` varchar(255)[0m
  [1m[35m (0.1ms)[0m  [1m[35mBEGIN[0m
  [1m[35mSQL (0.2ms)[0m  [1m[32mINSERT INTO `schema_migrations` (`version`) VALUES ('20180528145327')[0m
  [1m[35m (66.3ms)[0m  [1m[35mCOMMIT[0m
  [1m[36mActiveRecord::InternalMetadata Load (0.3ms)[0m  [1m[34mSELECT  `ar_internal_metadata`.* FROM `ar_internal_metadata` WHERE `ar_internal_metadata`.`key` = 'environment' LIMIT 1[0m
  [1m[35m (0.1ms)[0m  [1m[35mBEGIN[0m
  [1m[35m (0.1ms)[0m  [1m[35mCOMMIT[0m
  [1m[35m (0.1ms)[0m  [1m[34mSELECT RELEASE_LOCK('6981130770745561710')[0m
  [1m[36mActiveRecord::SchemaMigration Load (0.2ms)[0m  [1m[34mSELECT `schema_migrations`.* FROM `schema_migrations`[0m
  [1m[35m (0.1ms)[0m  [1m[35mSHOW CREATE TABLE `orders`[0m
  [1m[35m (0.2ms)[0m  [1m[35mSHOW TABLE STATUS LIKE 'orders'[0m
  [1m[35m (0.1ms)[0m  [1m[35mSHOW CREATE TABLE `users`[0m
  [1m[35m (0.2ms)[0m  [1m[35mSHOW TABLE STATUS LIKE 'users'[0m
Started POST "/signup" for 127.0.0.1 at 2018-05-28 16:54:26 +0200
  [1m[36mActiveRecord::SchemaMigration Load (0.4ms)[0m  [1m[34mSELECT `schema_migrations`.* FROM `schema_migrations`[0m
Processing by UsersController#create as */*
  Parameters: {"name"=>"Minos", "email"=>"mina@mina@yahoo.com", "password"=>"[FILTERED]", "passsword_confirmation"=>"123456", "phone"=>"01125287498"}
Unpermitted parameter: passsword_confirmation
  [1m[35m (0.1ms)[0m  [1m[35mBEGIN[0m
  [1m[35mSQL (0.2ms)[0m  [1m[32mINSERT INTO `users` (`name`, `email`, `password_digest`, `created_at`, `updated_at`, `user_pin`, `phone`) VALUES ('Minos', 'mina@mina@yahoo.com', '$2a$10$ISEz29qTAYtzYCVNCXaz0uPBJhIFX7oVBflPdrDjP.9cw9tk9X4re', '2018-05-28 14:54:26', '2018-05-28 14:54:26', 2293, '01125287498')[0m
  [1m[35m (454.5ms)[0m  [1m[35mCOMMIT[0m
Completed 500 Internal Server Error in 522ms (ActiveRecord: 455.7ms)


  
NoMethodError (undefined method `phone' for nil:NilClass):
  
app/controllers/users_controller.rb:13:in `create'
Started POST "/signup" for 127.0.0.1 at 2018-05-28 16:55:22 +0200
Processing by UsersController#create as */*
  Parameters: {"name"=>"Minos", "email"=>"mina@mina@yahoo.com", "password"=>"[FILTERED]", "passsword_confirmation"=>"123456", "phone"=>"01125287498"}
Unpermitted parameter: passsword_confirmation
  [1m[35m (0.1ms)[0m  [1m[35mBEGIN[0m
  [1m[35mSQL (0.2ms)[0m  [1m[32mINSERT INTO `users` (`name`, `email`, `password_digest`, `created_at`, `updated_at`, `user_pin`, `phone`) VALUES ('Minos', 'mina@mina@yahoo.com', '$2a$10$xpFL6JzqHWWx89LnVu2R2OoYY3h4BoZrJlU8.5MrVXjHeHk5mhi7K', '2018-05-28 14:55:32', '2018-05-28 14:55:32', 5547, '01125287498')[0m
  [1m[35m (1305.5ms)[0m  [1m[35mCOMMIT[0m
  [1m[36mUser Load (0.2ms)[0m  [1m[34mSELECT  `users`.* FROM `users` WHERE `users`.`email` = 'mina@mina@yahoo.com' LIMIT 1[0m
  [1m[36mCACHE (0.0ms)[0m  [1m[34mSELECT  `users`.* FROM `users` WHERE `users`.`email` = 'mina@mina@yahoo.com' LIMIT 1[0m  [["email", "mina@mina@yahoo.com"], ["LIMIT", 1]]
Completed 201 Created in 1487ms (Views: 0.1ms | ActiveRecord: 1306.1ms)


Started POST "/signup" for 127.0.0.1 at 2018-05-28 16:56:20 +0200
Processing by UsersController#create as */*
  Parameters: {"name"=>"Minos", "email"=>"mina@mina@yahoo.com", "password"=>"[FILTERED]", "passsword_confirmation"=>"123456", "phone"=>"01125287498"}
Unpermitted parameter: passsword_confirmation
  [1m[35m (0.1ms)[0m  [1m[35mBEGIN[0m
  [1m[35mSQL (0.2ms)[0m  [1m[32mINSERT INTO `users` (`name`, `email`, `password_digest`, `created_at`, `updated_at`, `user_pin`, `phone`) VALUES ('Minos', 'mina@mina@yahoo.com', '$2a$10$3hTJuKyxHcNf4LgiXVwi9uaEwIw1WreaoVBqa/tNiCdmuts9t6OU2', '2018-05-28 14:56:20', '2018-05-28 14:56:20', 3437, '01125287498')[0m
  [1m[35m (156.0ms)[0m  [1m[35mCOMMIT[0m
  [1m[36mUser Load (0.2ms)[0m  [1m[34mSELECT  `users`.* FROM `users` WHERE `users`.`email` = 'mina@mina@yahoo.com' LIMIT 1[0m
  [1m[36mCACHE (0.0ms)[0m  [1m[34mSELECT  `users`.* FROM `users` WHERE `users`.`email` = 'mina@mina@yahoo.com' LIMIT 1[0m  [["email", "mina@mina@yahoo.com"], ["LIMIT", 1]]
Completed 201 Created in 333ms (Views: 0.4ms | ActiveRecord: 156.6ms)


Started POST "/signup" for 127.0.0.1 at 2018-05-28 16:56:57 +0200
Processing by UsersController#create as */*
  Parameters: {"name"=>"Minos", "email"=>"mina@mina@yahoo.com", "password"=>"[FILTERED]", "passsword_confirmation"=>"123456", "phone"=>"01125287498"}
Unpermitted parameter: passsword_confirmation
  [1m[35m (0.2ms)[0m  [1m[35mBEGIN[0m
  [1m[35mSQL (0.3ms)[0m  [1m[32mINSERT INTO `users` (`name`, `email`, `password_digest`, `created_at`, `updated_at`, `user_pin`, `phone`) VALUES ('Minos', 'mina@mina@yahoo.com', '$2a$10$OemyfmCRNAzOszDZA2C9QOKnG/LAJk0xZqU2BOG89vfZRzAKdTa.u', '2018-05-28 14:56:57', '2018-05-28 14:56:57', 8878, '01125287498')[0m
  [1m[35m (66.8ms)[0m  [1m[35mCOMMIT[0m
  [1m[36mUser Load (0.7ms)[0m  [1m[34mSELECT  `users`.* FROM `users` WHERE `users`.`email` = 'mina@mina@yahoo.com' LIMIT 1[0m
  [1m[36mCACHE (0.0ms)[0m  [1m[34mSELECT  `users`.* FROM `users` WHERE `users`.`email` = 'mina@mina@yahoo.com' LIMIT 1[0m  [["email", "mina@mina@yahoo.com"], ["LIMIT", 1]]
Completed 201 Created in 1423ms (Views: 0.5ms | ActiveRecord: 68.0ms)


Started POST "/signup" for 127.0.0.1 at 2018-05-28 16:57:59 +0200
Processing by UsersController#create as */*
  Parameters: {"name"=>"Minos", "email"=>"mina@mina@yahoo.com", "password"=>"[FILTERED]", "passsword_confirmation"=>"123456", "phone"=>"01125287498"}
Unpermitted parameter: passsword_confirmation
  [1m[35m (0.2ms)[0m  [1m[35mBEGIN[0m
  [1m[35mSQL (0.2ms)[0m  [1m[32mINSERT INTO `users` (`name`, `email`, `password_digest`, `created_at`, `updated_at`, `user_pin`, `phone`) VALUES ('Minos', 'mina@mina@yahoo.com', '$2a$10$15fLTCFy0vfeUPOEQuEPyehG24mP7AMhFwGNfUS3oFnoRRshrjCiW', '2018-05-28 14:57:59', '2018-05-28 14:57:59', 3228, '01125287498')[0m
  [1m[35m (156.7ms)[0m  [1m[35mCOMMIT[0m
  [1m[36mUser Load (0.3ms)[0m  [1m[34mSELECT  `users`.* FROM `users` WHERE `users`.`email` = 'mina@mina@yahoo.com' LIMIT 1[0m
  [1m[36mCACHE (0.0ms)[0m  [1m[34mSELECT  `users`.* FROM `users` WHERE `users`.`email` = 'mina@mina@yahoo.com' LIMIT 1[0m  [["email", "mina@mina@yahoo.com"], ["LIMIT", 1]]
Completed 201 Created in 1451ms (Views: 0.3ms | ActiveRecord: 157.4ms)


Started GET "/favicon.ico" for 127.0.0.1 at 2018-05-28 17:55:13 +0200
  
ActionController::RoutingError (No route matches [GET] "/favicon.ico"):
  
actionpack (5.0.7) lib/action_dispatch/middleware/debug_exceptions.rb:53:in `call'
actionpack (5.0.7) lib/action_dispatch/middleware/show_exceptions.rb:31:in `call'
railties (5.0.7) lib/rails/rack/logger.rb:36:in `call_app'
railties (5.0.7) lib/rails/rack/logger.rb:24:in `block in call'
activesupport (5.0.7) lib/active_support/tagged_logging.rb:69:in `block in tagged'
activesupport (5.0.7) lib/active_support/tagged_logging.rb:26:in `tagged'
activesupport (5.0.7) lib/active_support/tagged_logging.rb:69:in `tagged'
railties (5.0.7) lib/rails/rack/logger.rb:24:in `call'
actionpack (5.0.7) lib/action_dispatch/middleware/request_id.rb:24:in `call'
rack (2.0.5) lib/rack/runtime.rb:22:in `call'
activesupport (5.0.7) lib/active_support/cache/strategy/local_cache_middleware.rb:28:in `call'
actionpack (5.0.7) lib/action_dispatch/middleware/executor.rb:12:in `call'
actionpack (5.0.7) lib/action_dispatch/middleware/static.rb:136:in `call'
rack (2.0.5) lib/rack/sendfile.rb:111:in `call'
railties (5.0.7) lib/rails/engine.rb:522:in `call'
puma (3.11.4) lib/puma/configuration.rb:225:in `call'
puma (3.11.4) lib/puma/server.rb:632:in `handle_request'
puma (3.11.4) lib/puma/server.rb:446:in `process_client'
puma (3.11.4) lib/puma/server.rb:306:in `block in run'
puma (3.11.4) lib/puma/thread_pool.rb:120:in `block in spawn_thread'
Started GET "/users" for 127.0.0.1 at 2018-05-28 17:55:15 +0200
  
ActionController::RoutingError (No route matches [GET] "/users"):
  
actionpack (5.0.7) lib/action_dispatch/middleware/debug_exceptions.rb:53:in `call'
actionpack (5.0.7) lib/action_dispatch/middleware/show_exceptions.rb:31:in `call'
railties (5.0.7) lib/rails/rack/logger.rb:36:in `call_app'
railties (5.0.7) lib/rails/rack/logger.rb:24:in `block in call'
activesupport (5.0.7) lib/active_support/tagged_logging.rb:69:in `block in tagged'
activesupport (5.0.7) lib/active_support/tagged_logging.rb:26:in `tagged'
activesupport (5.0.7) lib/active_support/tagged_logging.rb:69:in `tagged'
railties (5.0.7) lib/rails/rack/logger.rb:24:in `call'
actionpack (5.0.7) lib/action_dispatch/middleware/request_id.rb:24:in `call'
rack (2.0.5) lib/rack/runtime.rb:22:in `call'
activesupport (5.0.7) lib/active_support/cache/strategy/local_cache_middleware.rb:28:in `call'
actionpack (5.0.7) lib/action_dispatch/middleware/executor.rb:12:in `call'
actionpack (5.0.7) lib/action_dispatch/middleware/static.rb:136:in `call'
rack (2.0.5) lib/rack/sendfile.rb:111:in `call'
railties (5.0.7) lib/rails/engine.rb:522:in `call'
puma (3.11.4) lib/puma/configuration.rb:225:in `call'
puma (3.11.4) lib/puma/server.rb:632:in `handle_request'
puma (3.11.4) lib/puma/server.rb:446:in `process_client'
puma (3.11.4) lib/puma/server.rb:306:in `block in run'
puma (3.11.4) lib/puma/thread_pool.rb:120:in `block in spawn_thread'
Started GET "/users/6" for 127.0.0.1 at 2018-05-28 17:55:23 +0200
  
ActionController::RoutingError (No route matches [GET] "/users/6"):
  
actionpack (5.0.7) lib/action_dispatch/middleware/debug_exceptions.rb:53:in `call'
actionpack (5.0.7) lib/action_dispatch/middleware/show_exceptions.rb:31:in `call'
railties (5.0.7) lib/rails/rack/logger.rb:36:in `call_app'
railties (5.0.7) lib/rails/rack/logger.rb:24:in `block in call'
activesupport (5.0.7) lib/active_support/tagged_logging.rb:69:in `block in tagged'
activesupport (5.0.7) lib/active_support/tagged_logging.rb:26:in `tagged'
activesupport (5.0.7) lib/active_support/tagged_logging.rb:69:in `tagged'
railties (5.0.7) lib/rails/rack/logger.rb:24:in `call'
actionpack (5.0.7) lib/action_dispatch/middleware/request_id.rb:24:in `call'
rack (2.0.5) lib/rack/runtime.rb:22:in `call'
activesupport (5.0.7) lib/active_support/cache/strategy/local_cache_middleware.rb:28:in `call'
actionpack (5.0.7) lib/action_dispatch/middleware/executor.rb:12:in `call'
actionpack (5.0.7) lib/action_dispatch/middleware/static.rb:136:in `call'
rack (2.0.5) lib/rack/sendfile.rb:111:in `call'
railties (5.0.7) lib/rails/engine.rb:522:in `call'
puma (3.11.4) lib/puma/configuration.rb:225:in `call'
puma (3.11.4) lib/puma/server.rb:632:in `handle_request'
puma (3.11.4) lib/puma/server.rb:446:in `process_client'
puma (3.11.4) lib/puma/server.rb:306:in `block in run'
puma (3.11.4) lib/puma/thread_pool.rb:120:in `block in spawn_thread'
Started GET "/users/show/6" for 127.0.0.1 at 2018-05-28 17:55:31 +0200
  
ActionController::RoutingError (No route matches [GET] "/users/show/6"):
  
actionpack (5.0.7) lib/action_dispatch/middleware/debug_exceptions.rb:53:in `call'
actionpack (5.0.7) lib/action_dispatch/middleware/show_exceptions.rb:31:in `call'
railties (5.0.7) lib/rails/rack/logger.rb:36:in `call_app'
railties (5.0.7) lib/rails/rack/logger.rb:24:in `block in call'
activesupport (5.0.7) lib/active_support/tagged_logging.rb:69:in `block in tagged'
activesupport (5.0.7) lib/active_support/tagged_logging.rb:26:in `tagged'
activesupport (5.0.7) lib/active_support/tagged_logging.rb:69:in `tagged'
railties (5.0.7) lib/rails/rack/logger.rb:24:in `call'
actionpack (5.0.7) lib/action_dispatch/middleware/request_id.rb:24:in `call'
rack (2.0.5) lib/rack/runtime.rb:22:in `call'
activesupport (5.0.7) lib/active_support/cache/strategy/local_cache_middleware.rb:28:in `call'
actionpack (5.0.7) lib/action_dispatch/middleware/executor.rb:12:in `call'
actionpack (5.0.7) lib/action_dispatch/middleware/static.rb:136:in `call'
rack (2.0.5) lib/rack/sendfile.rb:111:in `call'
railties (5.0.7) lib/rails/engine.rb:522:in `call'
puma (3.11.4) lib/puma/configuration.rb:225:in `call'
puma (3.11.4) lib/puma/server.rb:632:in `handle_request'
puma (3.11.4) lib/puma/server.rb:446:in `process_client'
puma (3.11.4) lib/puma/server.rb:306:in `block in run'
puma (3.11.4) lib/puma/thread_pool.rb:120:in `block in spawn_thread'
Started GET "/users/6/show" for 127.0.0.1 at 2018-05-28 17:55:36 +0200
  
ActionController::RoutingError (No route matches [GET] "/users/6/show"):
  
actionpack (5.0.7) lib/action_dispatch/middleware/debug_exceptions.rb:53:in `call'
actionpack (5.0.7) lib/action_dispatch/middleware/show_exceptions.rb:31:in `call'
railties (5.0.7) lib/rails/rack/logger.rb:36:in `call_app'
railties (5.0.7) lib/rails/rack/logger.rb:24:in `block in call'
activesupport (5.0.7) lib/active_support/tagged_logging.rb:69:in `block in tagged'
activesupport (5.0.7) lib/active_support/tagged_logging.rb:26:in `tagged'
activesupport (5.0.7) lib/active_support/tagged_logging.rb:69:in `tagged'
railties (5.0.7) lib/rails/rack/logger.rb:24:in `call'
actionpack (5.0.7) lib/action_dispatch/middleware/request_id.rb:24:in `call'
rack (2.0.5) lib/rack/runtime.rb:22:in `call'
activesupport (5.0.7) lib/active_support/cache/strategy/local_cache_middleware.rb:28:in `call'
actionpack (5.0.7) lib/action_dispatch/middleware/executor.rb:12:in `call'
actionpack (5.0.7) lib/action_dispatch/middleware/static.rb:136:in `call'
rack (2.0.5) lib/rack/sendfile.rb:111:in `call'
railties (5.0.7) lib/rails/engine.rb:522:in `call'
puma (3.11.4) lib/puma/configuration.rb:225:in `call'
puma (3.11.4) lib/puma/server.rb:632:in `handle_request'
puma (3.11.4) lib/puma/server.rb:446:in `process_client'
puma (3.11.4) lib/puma/server.rb:306:in `block in run'
puma (3.11.4) lib/puma/thread_pool.rb:120:in `block in spawn_thread'
Started POST "/signup" for 127.0.0.1 at 2018-05-29 15:08:42 +0200
  [1m[36mActiveRecord::SchemaMigration Load (0.3ms)[0m  [1m[34mSELECT `schema_migrations`.* FROM `schema_migrations`[0m
  
ActiveRecord::PendingMigrationError (

Migrations are pending. To resolve this issue, run:

        bin/rails db:migrate RAILS_ENV=development

):
  
activerecord (5.0.7) lib/active_record/migration.rb:573:in `check_pending!'
activerecord (5.0.7) lib/active_record/migration.rb:549:in `call'
actionpack (5.0.7) lib/action_dispatch/middleware/callbacks.rb:38:in `block in call'
activesupport (5.0.7) lib/active_support/callbacks.rb:97:in `__run_callbacks__'
activesupport (5.0.7) lib/active_support/callbacks.rb:750:in `_run_call_callbacks'
activesupport (5.0.7) lib/active_support/callbacks.rb:90:in `run_callbacks'
actionpack (5.0.7) lib/action_dispatch/middleware/callbacks.rb:36:in `call'
actionpack (5.0.7) lib/action_dispatch/middleware/executor.rb:12:in `call'
actionpack (5.0.7) lib/action_dispatch/middleware/remote_ip.rb:79:in `call'
actionpack (5.0.7) lib/action_dispatch/middleware/debug_exceptions.rb:49:in `call'
actionpack (5.0.7) lib/action_dispatch/middleware/show_exceptions.rb:31:in `call'
railties (5.0.7) lib/rails/rack/logger.rb:36:in `call_app'
railties (5.0.7) lib/rails/rack/logger.rb:24:in `block in call'
activesupport (5.0.7) lib/active_support/tagged_logging.rb:69:in `block in tagged'
activesupport (5.0.7) lib/active_support/tagged_logging.rb:26:in `tagged'
activesupport (5.0.7) lib/active_support/tagged_logging.rb:69:in `tagged'
railties (5.0.7) lib/rails/rack/logger.rb:24:in `call'
actionpack (5.0.7) lib/action_dispatch/middleware/request_id.rb:24:in `call'
rack (2.0.5) lib/rack/runtime.rb:22:in `call'
activesupport (5.0.7) lib/active_support/cache/strategy/local_cache_middleware.rb:28:in `call'
actionpack (5.0.7) lib/action_dispatch/middleware/executor.rb:12:in `call'
actionpack (5.0.7) lib/action_dispatch/middleware/static.rb:136:in `call'
rack (2.0.5) lib/rack/sendfile.rb:111:in `call'
railties (5.0.7) lib/rails/engine.rb:522:in `call'
puma (3.11.4) lib/puma/configuration.rb:225:in `call'
puma (3.11.4) lib/puma/server.rb:632:in `handle_request'
puma (3.11.4) lib/puma/server.rb:446:in `process_client'
puma (3.11.4) lib/puma/server.rb:306:in `block in run'
puma (3.11.4) lib/puma/thread_pool.rb:120:in `block in spawn_thread'
Started POST "/signup" for 127.0.0.1 at 2018-05-29 15:11:11 +0200
  [1m[36mActiveRecord::SchemaMigration Load (0.2ms)[0m  [1m[34mSELECT `schema_migrations`.* FROM `schema_migrations`[0m
  
ActiveRecord::PendingMigrationError (

Migrations are pending. To resolve this issue, run:

        bin/rails db:migrate RAILS_ENV=development

):
  
activerecord (5.0.7) lib/active_record/migration.rb:573:in `check_pending!'
activerecord (5.0.7) lib/active_record/migration.rb:549:in `call'
actionpack (5.0.7) lib/action_dispatch/middleware/callbacks.rb:38:in `block in call'
activesupport (5.0.7) lib/active_support/callbacks.rb:97:in `__run_callbacks__'
activesupport (5.0.7) lib/active_support/callbacks.rb:750:in `_run_call_callbacks'
activesupport (5.0.7) lib/active_support/callbacks.rb:90:in `run_callbacks'
actionpack (5.0.7) lib/action_dispatch/middleware/callbacks.rb:36:in `call'
actionpack (5.0.7) lib/action_dispatch/middleware/executor.rb:12:in `call'
actionpack (5.0.7) lib/action_dispatch/middleware/remote_ip.rb:79:in `call'
actionpack (5.0.7) lib/action_dispatch/middleware/debug_exceptions.rb:49:in `call'
actionpack (5.0.7) lib/action_dispatch/middleware/show_exceptions.rb:31:in `call'
railties (5.0.7) lib/rails/rack/logger.rb:36:in `call_app'
railties (5.0.7) lib/rails/rack/logger.rb:24:in `block in call'
activesupport (5.0.7) lib/active_support/tagged_logging.rb:69:in `block in tagged'
activesupport (5.0.7) lib/active_support/tagged_logging.rb:26:in `tagged'
activesupport (5.0.7) lib/active_support/tagged_logging.rb:69:in `tagged'
railties (5.0.7) lib/rails/rack/logger.rb:24:in `call'
actionpack (5.0.7) lib/action_dispatch/middleware/request_id.rb:24:in `call'
rack (2.0.5) lib/rack/runtime.rb:22:in `call'
activesupport (5.0.7) lib/active_support/cache/strategy/local_cache_middleware.rb:28:in `call'
actionpack (5.0.7) lib/action_dispatch/middleware/executor.rb:12:in `call'
actionpack (5.0.7) lib/action_dispatch/middleware/static.rb:136:in `call'
rack (2.0.5) lib/rack/sendfile.rb:111:in `call'
railties (5.0.7) lib/rails/engine.rb:522:in `call'
puma (3.11.4) lib/puma/configuration.rb:225:in `call'
puma (3.11.4) lib/puma/server.rb:632:in `handle_request'
puma (3.11.4) lib/puma/server.rb:446:in `process_client'
puma (3.11.4) lib/puma/server.rb:306:in `block in run'
puma (3.11.4) lib/puma/thread_pool.rb:120:in `block in spawn_thread'
Started POST "/signup" for 127.0.0.1 at 2018-05-29 15:11:55 +0200
  [1m[36mActiveRecord::SchemaMigration Load (0.1ms)[0m  [1m[34mSELECT `schema_migrations`.* FROM `schema_migrations`[0m
  
ActiveRecord::PendingMigrationError (

Migrations are pending. To resolve this issue, run:

        bin/rails db:migrate RAILS_ENV=development

):
  
activerecord (5.0.7) lib/active_record/migration.rb:573:in `check_pending!'
activerecord (5.0.7) lib/active_record/migration.rb:549:in `call'
actionpack (5.0.7) lib/action_dispatch/middleware/callbacks.rb:38:in `block in call'
activesupport (5.0.7) lib/active_support/callbacks.rb:97:in `__run_callbacks__'
activesupport (5.0.7) lib/active_support/callbacks.rb:750:in `_run_call_callbacks'
activesupport (5.0.7) lib/active_support/callbacks.rb:90:in `run_callbacks'
actionpack (5.0.7) lib/action_dispatch/middleware/callbacks.rb:36:in `call'
actionpack (5.0.7) lib/action_dispatch/middleware/executor.rb:12:in `call'
actionpack (5.0.7) lib/action_dispatch/middleware/remote_ip.rb:79:in `call'
actionpack (5.0.7) lib/action_dispatch/middleware/debug_exceptions.rb:49:in `call'
actionpack (5.0.7) lib/action_dispatch/middleware/show_exceptions.rb:31:in `call'
railties (5.0.7) lib/rails/rack/logger.rb:36:in `call_app'
railties (5.0.7) lib/rails/rack/logger.rb:24:in `block in call'
activesupport (5.0.7) lib/active_support/tagged_logging.rb:69:in `block in tagged'
activesupport (5.0.7) lib/active_support/tagged_logging.rb:26:in `tagged'
activesupport (5.0.7) lib/active_support/tagged_logging.rb:69:in `tagged'
railties (5.0.7) lib/rails/rack/logger.rb:24:in `call'
actionpack (5.0.7) lib/action_dispatch/middleware/request_id.rb:24:in `call'
rack (2.0.5) lib/rack/runtime.rb:22:in `call'
activesupport (5.0.7) lib/active_support/cache/strategy/local_cache_middleware.rb:28:in `call'
actionpack (5.0.7) lib/action_dispatch/middleware/executor.rb:12:in `call'
actionpack (5.0.7) lib/action_dispatch/middleware/static.rb:136:in `call'
rack (2.0.5) lib/rack/sendfile.rb:111:in `call'
railties (5.0.7) lib/rails/engine.rb:522:in `call'
puma (3.11.4) lib/puma/configuration.rb:225:in `call'
puma (3.11.4) lib/puma/server.rb:632:in `handle_request'
puma (3.11.4) lib/puma/server.rb:446:in `process_client'
puma (3.11.4) lib/puma/server.rb:306:in `block in run'
puma (3.11.4) lib/puma/thread_pool.rb:120:in `block in spawn_thread'
  [1m[35m (0.1ms)[0m  [1m[34mSELECT DATABASE() as db[0m
  [1m[35m (0.1ms)[0m  [1m[34mSELECT GET_LOCK('6981130770745561710', 0);[0m
  [1m[36mActiveRecord::SchemaMigration Load (0.2ms)[0m  [1m[34mSELECT `schema_migrations`.* FROM `schema_migrations`[0m
Migrating to CreateProviders (20180528132405)
  [1m[35m (270.2ms)[0m  [1m[35mCREATE TABLE `providers` (`id` int AUTO_INCREMENT PRIMARY KEY, `url` varchar(255), `name` varchar(255), `rate` int, `created_at` datetime NOT NULL, `updated_at` datetime NOT NULL) ENGINE=InnoDB[0m
  [1m[35m (0.3ms)[0m  [1m[35mBEGIN[0m
  [1m[35mSQL (0.5ms)[0m  [1m[32mINSERT INTO `schema_migrations` (`version`) VALUES ('20180528132405')[0m
  [1m[35m (28.9ms)[0m  [1m[35mCOMMIT[0m
  [1m[36mActiveRecord::InternalMetadata Load (0.6ms)[0m  [1m[34mSELECT  `ar_internal_metadata`.* FROM `ar_internal_metadata` WHERE `ar_internal_metadata`.`key` = 'environment' LIMIT 1[0m
  [1m[35m (0.2ms)[0m  [1m[35mBEGIN[0m
  [1m[35m (0.3ms)[0m  [1m[35mCOMMIT[0m
  [1m[35m (0.3ms)[0m  [1m[34mSELECT RELEASE_LOCK('6981130770745561710')[0m
  [1m[36mActiveRecord::SchemaMigration Load (0.4ms)[0m  [1m[34mSELECT `schema_migrations`.* FROM `schema_migrations`[0m
  [1m[35m (0.2ms)[0m  [1m[35mSHOW CREATE TABLE `orders`[0m
  [1m[35m (0.4ms)[0m  [1m[35mSHOW TABLE STATUS LIKE 'orders'[0m
  [1m[35m (0.1ms)[0m  [1m[35mSHOW CREATE TABLE `providers`[0m
  [1m[35m (0.2ms)[0m  [1m[35mSHOW TABLE STATUS LIKE 'providers'[0m
  [1m[35m (0.1ms)[0m  [1m[35mSHOW CREATE TABLE `users`[0m
  [1m[35m (0.2ms)[0m  [1m[35mSHOW TABLE STATUS LIKE 'users'[0m
Started POST "/signup" for 127.0.0.1 at 2018-05-29 15:15:58 +0200
  [1m[36mActiveRecord::SchemaMigration Load (0.3ms)[0m  [1m[34mSELECT `schema_migrations`.* FROM `schema_migrations`[0m
Processing by UsersController#create as */*
  Parameters: {"name"=>"Minos", "email"=>"mina@mina@yahoo.com", "password"=>"[FILTERED]", "passsword_confirmation"=>"123456", "phone"=>"01125287498"}
Completed 500 Internal Server Error in 24ms (ActiveRecord: 0.7ms)


  
NoMethodError (undefined method `verifiy_user?' for #<Class:0x000055b2457c5ea0>):
  
app/models/user.rb:2:in `<class:User>'
app/models/user.rb:1:in `<top (required)>'
app/controllers/users_controller.rb:7:in `create'
Started POST "/signup" for 127.0.0.1 at 2018-05-29 15:16:14 +0200
Processing by UsersController#create as */*
  Parameters: {"name"=>"Minos", "email"=>"mina@mina@yahoo.com", "password"=>"[FILTERED]", "passsword_confirmation"=>"123456", "phone"=>"01125287498"}
Unpermitted parameter: passsword_confirmation
Completed 500 Internal Server Error in 91ms (ActiveRecord: 0.7ms)


  
TypeError (nil can't be coerced into Integer):
  
app/controllers/users_controller.rb:8:in `+'
app/controllers/users_controller.rb:8:in `create'
Started POST "/signup" for 127.0.0.1 at 2018-05-29 15:16:52 +0200
Processing by UsersController#create as */*
  Parameters: {"name"=>"Minos", "email"=>"mina@mina@yahoo.com", "password"=>"[FILTERED]", "passsword_confirmation"=>"123456", "phone"=>"01125287498"}
Unpermitted parameter: passsword_confirmation
  [1m[35m (0.2ms)[0m  [1m[35mBEGIN[0m
  [1m[35mSQL (0.2ms)[0m  [1m[32mINSERT INTO `users` (`name`, `email`, `password_digest`, `created_at`, `updated_at`, `user_pin`, `phone`) VALUES ('Minos', 'mina@mina@yahoo.com', '$2a$10$OWxsEFJy6RgCutDtx3zyqeRgq.s9oAHnQYCQaYH/fsLfRCcbvoE2.', '2018-05-29 13:16:52', '2018-05-29 13:16:52', 6100, '01125287498')[0m
  [1m[35m (172.7ms)[0m  [1m[35mCOMMIT[0m
Completed 500 Internal Server Error in 1694ms (ActiveRecord: 173.1ms)


  
Twilio::REST::RestError ([HTTP 404] 20404 : Unable to create record
The requested resource /2010-04-01/Accounts/sid/Messages.json was not found
https://www.twilio.com/docs/errors/20404

):
  
app/controllers/users_controller.rb:11:in `create'
Started POST "/signup" for 127.0.0.1 at 2018-05-29 15:17:10 +0200
Processing by UsersController#create as */*
  Parameters: {"name"=>"Minos", "email"=>"mina@mina@yahoo.com", "password"=>"[FILTERED]", "passsword_confirmation"=>"123456", "phone"=>"01125287498"}
Unpermitted parameter: passsword_confirmation
  [1m[35m (0.1ms)[0m  [1m[35mBEGIN[0m
  [1m[35mSQL (0.2ms)[0m  [1m[32mINSERT INTO `users` (`name`, `email`, `password_digest`, `created_at`, `updated_at`, `user_pin`, `phone`) VALUES ('Minos', 'mina@mina@yahoo.com', '$2a$10$gM8sOTidrIa157lhz2GeROwKmWEW3P9JrytBZiln3mtPHZVC3kTa2', '2018-05-29 13:17:10', '2018-05-29 13:17:10', 2903, '01125287498')[0m
  [1m[35m (40.8ms)[0m  [1m[35mCOMMIT[0m
Completed 500 Internal Server Error in 1595ms (ActiveRecord: 41.1ms)


  
Twilio::REST::RestError ([HTTP 404] 20404 : Unable to create record
The requested resource /2010-04-01/Accounts/sid/Messages.json was not found
https://www.twilio.com/docs/errors/20404

):
  
app/controllers/users_controller.rb:11:in `create'
Started POST "/signup" for 127.0.0.1 at 2018-05-29 15:17:58 +0200
Processing by UsersController#create as */*
  Parameters: {"name"=>"Minos", "email"=>"mina@mina@yahoo.com", "password"=>"[FILTERED]", "passsword_confirmation"=>"123456", "phone"=>"01125287498"}
Unpermitted parameter: passsword_confirmation
  [1m[35m (0.1ms)[0m  [1m[35mBEGIN[0m
  [1m[35mSQL (0.2ms)[0m  [1m[32mINSERT INTO `users` (`name`, `email`, `password_digest`, `created_at`, `updated_at`, `user_pin`, `phone`) VALUES ('Minos', 'mina@mina@yahoo.com', '$2a$10$xhtvM5f0kPgFvOi2sJX08uh76Ba9qsR0ZgqDPKrgO9/FPOh5k2e62', '2018-05-29 13:17:58', '2018-05-29 13:17:58', 9607, '01125287498')[0m
  [1m[35m (484.1ms)[0m  [1m[35mCOMMIT[0m
  [1m[36mUser Load (0.2ms)[0m  [1m[34mSELECT  `users`.* FROM `users` WHERE `users`.`email` = 'mina@mina@yahoo.com' LIMIT 1[0m
  [1m[36mCACHE (0.0ms)[0m  [1m[34mSELECT  `users`.* FROM `users` WHERE `users`.`email` = 'mina@mina@yahoo.com' LIMIT 1[0m  [["email", "mina@mina@yahoo.com"], ["LIMIT", 1]]
Completed 201 Created in 678ms (Views: 0.3ms | ActiveRecord: 485.6ms)


Started POST "/signup" for 127.0.0.1 at 2018-05-29 15:23:54 +0200
Processing by UsersController#create as */*
  Parameters: {"name"=>"Minos", "email"=>"mina@mina@yahoo.com", "password"=>"[FILTERED]", "passsword_confirmation"=>"123456", "phone"=>"01125287498"}
Unpermitted parameter: passsword_confirmation
  [1m[35m (0.1ms)[0m  [1m[35mBEGIN[0m
  [1m[35mSQL (0.2ms)[0m  [1m[32mINSERT INTO `users` (`name`, `email`, `password_digest`, `created_at`, `updated_at`, `user_pin`, `phone`) VALUES ('Minos', 'mina@mina@yahoo.com', '$2a$10$6z8UV711j6IU3ZJyAsXGXOn8Rp2.t9ZCq/vNIbsfHqbWUmJTHZlEO', '2018-05-29 13:23:54', '2018-05-29 13:23:54', 9204, '01125287498')[0m
  [1m[35m (130.9ms)[0m  [1m[35mCOMMIT[0m
  [1m[36mUser Load (0.7ms)[0m  [1m[34mSELECT  `users`.* FROM `users` WHERE `users`.`email` = 'mina@mina@yahoo.com' LIMIT 1[0m
  [1m[36mCACHE (0.0ms)[0m  [1m[34mSELECT  `users`.* FROM `users` WHERE `users`.`email` = 'mina@mina@yahoo.com' LIMIT 1[0m  [["email", "mina@mina@yahoo.com"], ["LIMIT", 1]]
Completed 201 Created in 341ms (Views: 0.3ms | ActiveRecord: 132.0ms)


Started POST "/signup" for 127.0.0.1 at 2018-05-29 15:24:41 +0200
Processing by UsersController#create as */*
  Parameters: {"name"=>"Minos", "email"=>"mina@mina@yahoo.com", "password"=>"[FILTERED]", "passsword_confirmation"=>"123456", "phone"=>"01125287498"}
Unpermitted parameter: passsword_confirmation
  [1m[35m (0.2ms)[0m  [1m[35mBEGIN[0m
  [1m[36mUser Exists (0.4ms)[0m  [1m[34mSELECT  1 AS one FROM `users` WHERE `users`.`phone` = BINARY '01125287498' LIMIT 1[0m
  [1m[36mUser Exists (0.2ms)[0m  [1m[34mSELECT  1 AS one FROM `users` WHERE `users`.`email` = BINARY 'mina@mina@yahoo.com' LIMIT 1[0m
  [1m[35m (0.5ms)[0m  [1m[31mROLLBACK[0m
  [1m[36mUser Load (0.2ms)[0m  [1m[34mSELECT  `users`.* FROM `users` WHERE `users`.`email` = 'mina@mina@yahoo.com' LIMIT 1[0m
  [1m[36mCACHE (0.0ms)[0m  [1m[34mSELECT  `users`.* FROM `users` WHERE `users`.`email` = 'mina@mina@yahoo.com' LIMIT 1[0m  [["email", "mina@mina@yahoo.com"], ["LIMIT", 1]]
Completed 201 Created in 411ms (Views: 0.5ms | ActiveRecord: 1.6ms)


Started POST "/signup" for 127.0.0.1 at 2018-05-29 15:26:48 +0200
Processing by UsersController#create as */*
  Parameters: {"name"=>"Minos", "email"=>"mina@mina@yahoo.com", "password"=>"[FILTERED]", "passsword_confirmation"=>"123456", "phone"=>"01125287498"}
Unpermitted parameter: passsword_confirmation
  [1m[35m (0.1ms)[0m  [1m[35mBEGIN[0m
  [1m[36mUser Exists (0.2ms)[0m  [1m[34mSELECT  1 AS one FROM `users` WHERE `users`.`phone` = BINARY '01125287498' LIMIT 1[0m
  [1m[35m (0.1ms)[0m  [1m[31mROLLBACK[0m
  [1m[36mUser Load (0.2ms)[0m  [1m[34mSELECT  `users`.* FROM `users` WHERE `users`.`email` = 'mina@mina@yahoo.com' LIMIT 1[0m
  [1m[36mCACHE (0.0ms)[0m  [1m[34mSELECT  `users`.* FROM `users` WHERE `users`.`email` = 'mina@mina@yahoo.com' LIMIT 1[0m  [["email", "mina@mina@yahoo.com"], ["LIMIT", 1]]
Completed 201 Created in 183ms (Views: 0.2ms | ActiveRecord: 0.7ms)


Started POST "/signup" for 127.0.0.1 at 2018-05-29 15:27:19 +0200
Processing by UsersController#create as */*
  Parameters: {"name"=>"Minos", "email"=>"mina@mina@yahoo.com", "password"=>"[FILTERED]", "passsword_confirmation"=>"123456", "phone"=>"01125287498"}
Unpermitted parameter: passsword_confirmation
  [1m[35m (0.2ms)[0m  [1m[35mBEGIN[0m
  [1m[36mUser Exists (0.2ms)[0m  [1m[34mSELECT  1 AS one FROM `users` WHERE `users`.`phone` = BINARY '01125287498' LIMIT 1[0m
  [1m[35m (0.1ms)[0m  [1m[31mROLLBACK[0m
  [1m[36mUser Load (0.2ms)[0m  [1m[34mSELECT  `users`.* FROM `users` WHERE `users`.`email` = 'mina@mina@yahoo.com' LIMIT 1[0m
  [1m[36mCACHE (0.0ms)[0m  [1m[34mSELECT  `users`.* FROM `users` WHERE `users`.`email` = 'mina@mina@yahoo.com' LIMIT 1[0m  [["email", "mina@mina@yahoo.com"], ["LIMIT", 1]]
Completed 201 Created in 175ms (Views: 0.2ms | ActiveRecord: 0.7ms)


Started POST "/signup" for 127.0.0.1 at 2018-05-29 15:29:15 +0200
Processing by UsersController#create as */*
  Parameters: {"name"=>"Minos", "email"=>"mina@mina@yahoo.com", "password"=>"[FILTERED]", "passsword_confirmation"=>"123456", "phone"=>"01125287498"}
Unpermitted parameter: passsword_confirmation
  [1m[35m (0.2ms)[0m  [1m[35mBEGIN[0m
  [1m[36mUser Exists (0.2ms)[0m  [1m[34mSELECT  1 AS one FROM `users` WHERE `users`.`phone` = BINARY '01125287498' LIMIT 1[0m
  [1m[35m (0.1ms)[0m  [1m[31mROLLBACK[0m
  [1m[36mUser Load (0.3ms)[0m  [1m[34mSELECT  `users`.* FROM `users` WHERE `users`.`email` = 'mina@mina@yahoo.com' LIMIT 1[0m
  [1m[36mCACHE (0.0ms)[0m  [1m[34mSELECT  `users`.* FROM `users` WHERE `users`.`email` = 'mina@mina@yahoo.com' LIMIT 1[0m  [["email", "mina@mina@yahoo.com"], ["LIMIT", 1]]
Completed 201 Created in 167ms (Views: 0.3ms | ActiveRecord: 0.7ms)


Started POST "/signup" for 127.0.0.1 at 2018-05-29 15:29:28 +0200
Processing by UsersController#create as */*
  Parameters: {"name"=>"Minos", "email"=>"mina@mina@yahoo.com", "password"=>"[FILTERED]", "passsword_confirmation"=>"123456", "phone"=>"011252874981"}
Unpermitted parameter: passsword_confirmation
  [1m[35m (0.1ms)[0m  [1m[35mBEGIN[0m
  [1m[36mUser Exists (0.2ms)[0m  [1m[34mSELECT  1 AS one FROM `users` WHERE `users`.`phone` = BINARY '011252874981' LIMIT 1[0m
  [1m[35mSQL (0.2ms)[0m  [1m[32mINSERT INTO `users` (`name`, `email`, `password_digest`, `created_at`, `updated_at`, `user_pin`, `phone`) VALUES ('Minos', 'mina@mina@yahoo.com', '$2a$10$lHpaX7e/Mvjltkikcrdb8OizRNC7ROcnUntV5cU8XxB3SADL4WRxu', '2018-05-29 13:29:28', '2018-05-29 13:29:28', 3444, '011252874981')[0m
  [1m[35m (613.5ms)[0m  [1m[35mCOMMIT[0m
  [1m[36mUser Load (0.4ms)[0m  [1m[34mSELECT  `users`.* FROM `users` WHERE `users`.`email` = 'mina@mina@yahoo.com' LIMIT 1[0m
  [1m[36mCACHE (0.0ms)[0m  [1m[34mSELECT  `users`.* FROM `users` WHERE `users`.`email` = 'mina@mina@yahoo.com' LIMIT 1[0m  [["email", "mina@mina@yahoo.com"], ["LIMIT", 1]]
Completed 201 Created in 788ms (Views: 0.3ms | ActiveRecord: 614.5ms)


Started POST "/signup" for 127.0.0.1 at 2018-05-29 15:29:37 +0200
Processing by UsersController#create as */*
  Parameters: {"name"=>"Minos", "email"=>"mina@mina@yahoo.com", "password"=>"[FILTERED]", "passsword_confirmation"=>"123456", "phone"=>"01125287498"}
Unpermitted parameter: passsword_confirmation
  [1m[35m (0.2ms)[0m  [1m[35mBEGIN[0m
  [1m[36mUser Exists (0.2ms)[0m  [1m[34mSELECT  1 AS one FROM `users` WHERE `users`.`phone` = BINARY '01125287498' LIMIT 1[0m
  [1m[35m (0.1ms)[0m  [1m[31mROLLBACK[0m
  [1m[36mUser Load (0.2ms)[0m  [1m[34mSELECT  `users`.* FROM `users` WHERE `users`.`email` = 'mina@mina@yahoo.com' LIMIT 1[0m
  [1m[36mCACHE (0.0ms)[0m  [1m[34mSELECT  `users`.* FROM `users` WHERE `users`.`email` = 'mina@mina@yahoo.com' LIMIT 1[0m  [["email", "mina@mina@yahoo.com"], ["LIMIT", 1]]
Completed 201 Created in 168ms (Views: 0.2ms | ActiveRecord: 0.7ms)


